0.7071
19.0263
42.9418
18.8680
21.2132
52.6972
19.0263
25.0000
70.8025
35.3553
120.2664
61.6117
122.1475
77.1298
40.8044
37.4833
43.4166
50.0000
36.7151
100.6231
3.1623
63.1269
84.8116
61.2046
39.3573
20.0250
80.7775
224.9556
52.3450
95.3362
110.3449
5.8310
41.0000
93.6483
64.2884
16.4924
201.8836
47.3814
23.0868
61.1310
274.4103
23.8537
90.1388
69.3542
18.4391
681.5020
58.2409
152.0822
1407.8139
242.3242
19.8494
184.8053
60.2080
27.3130
1281.3450
52.4023
40.5216
81.1542
90.9340
57.3149
57.5587
51.9711
2224.9380
68.4105
38.0789
130.5527
9.2195
20.8087
51.0882
62.6259
76.1577
1447.3072
49.8197
272.5748
40.8044
58.2151
82.3650
126.0357
112.8938
220.1022
198.6580
107.7868
79.6304
42.9535
56.7979
80.4984
765.4339
780.6747
170.5579
43.5660
157.0000
50.1597
155.7081
32.2800
38.2753
5.0000
1.0000
1.0000
0.0000
4.4721
